Release 9.2.04i Map J.40
Xilinx Mapping Report File for Design 'mips_sys'

Design Information
------------------
Command Line   : E:\Program Files\Xilinx\bin\nt\map.exe -ise
C:/Users/gdinu/Desktop/automatica/labCSO/lab9/MIPS_Sys/mips.ise -intstyle ise -p
xc3s400-ft256-4 -cm area -pr b -k 4 -c 100 -o mips_sys_map.ncd mips_sys.ngd
mips_sys.pcf 
Target Device  : xc3s400
Target Package : ft256
Target Speed   : -4
Mapper Version : spartan3 -- $Revision: 1.36 $
Mapped Date    : Wed Apr 25 20:59:13 2018

Design Summary
--------------
Number of errors:      0
Number of warnings:    2
Logic Utilization:
  Number of Slice Flip Flops:          57 out of   7,168    1%
  Number of 4 input LUTs:             207 out of   7,168    2%
Logic Distribution:
  Number of occupied Slices:                          200 out of   3,584    5%
    Number of Slices containing only related logic:     200 out of     200  100%
    Number of Slices containing unrelated logic:          0 out of     200    0%
      *See NOTES below for an explanation of the effects of unrelated logic
Total Number of 4 input LUTs:            387 out of   7,168    5%
  Number used as logic:                207
  Number used as a route-thru:          20
  Number used for Dual Port RAMs:      128
    (Two LUTs used per Dual Port RAM)
  Number used as 16x1 RAMs:             32
  Number of bonded IOBs:               21 out of     173   12%
    IOB Flip Flops:                     8
  Number of GCLKs:                     1 out of       8   12%

Total equivalent gate count for design:  14,436
Additional JTAG gate count for IOBs:  1,008
Peak Memory Usage:  246 MB
Total REAL time to MAP completion:  3 secs 
Total CPU time to MAP completion:   1 secs 

NOTES:

   Related logic is defined as being logic that shares connectivity - e.g. two
   LUTs are "related" if they share common inputs.  When assembling slices,
   Map gives priority to combine logic that is related.  Doing so results in
   the best timing performance.

   Unrelated logic shares no connectivity.  Map will only begin packing
   unrelated logic into a slice once 99% of the slices are occupied through
   related logic packing.

   Note that once logic distribution reaches the 99% level through related
   logic packing, this does not mean the device is completely utilized.
   Unrelated logic packing will then begin, continuing until all usable LUTs
   and FFs are occupied.  Depending on your timing budget, increased levels of
   unrelated logic packing may adversely affect the overall timing performance
   of your design.

Table of Contents
-----------------
Section 1 - Errors
Section 2 - Warnings
Section 3 - Informational
Section 4 - Removed Logic Summary
Section 5 - Removed Logic
Section 6 - IOB Properties
Section 7 - RPMs
Section 8 - Guide Report
Section 9 - Area Group and Partition Summary
Section 10 - Modular Design Summary
Section 11 - Timing Report
Section 12 - Configuration String Information
Section 13 - Control Set Information

Section 1 - Errors
------------------

Section 2 - Warnings
--------------------
WARNING:LIT:243 - Logical network u_mips/U_Regs/inst_Mram_mem124/SPO has no
   load.
WARNING:LIT:395 - The above warning message base_net_load_rule is repeated 63
   more times for the following (max. 5 shown):
   u_mips/U_Regs/inst_Mram_mem126/SPO,
   u_mips/U_Regs/inst_Mram_mem122/SPO,
   u_mips/U_Regs/inst_Mram_mem118/SPO,
   u_mips/U_Regs/inst_Mram_mem120/SPO,
   u_mips/U_Regs/inst_Mram_mem116/SPO
   To see the details of these warning messages, please use the -detail switch.

Section 3 - Informational
-------------------------
INFO:MapLib:562 - No environment variables are currently set.
INFO:MapLib:863 - The following Virtex BUFG(s) is/are being retargeted to
   Virtex2 BUFGMUX(s) with input tied to I0 and Select pin tied to constant 0:
   BUFGP symbol "Clk_BUFGP" (output signal=Clk_BUFGP)
INFO:LIT:244 - All of the single ended outputs in this design are using slew
   rate limited output drivers. The delay on speed critical single ended outputs
   can be dramatically reduced by designating them as fast outputs in the
   schematic.

Section 4 - Removed Logic Summary
---------------------------------
   2 block(s) optimized away

Section 5 - Removed Logic
-------------------------

Optimized Block(s):
TYPE 		BLOCK
GND 		XST_GND
VCC 		XST_VCC

To enable printing of redundant blocks removed and signals merged, set the
detailed map report option and rerun map.

Section 6 - IOB Properties
--------------------------

+------------------------------------------------------------------------------------------------------------------------+
| IOB Name                           | Type    | Direction | IO Standard | Drive    | Slew | Reg (s)  | Resistor | IOB   |
|                                    |         |           |             | Strength | Rate |          |          | Delay |
+------------------------------------------------------------------------------------------------------------------------+
| AN<0>                              | IOB     | OUTPUT    | LVCMOS25    | 12       | SLOW |          |          |       |
| AN<1>                              | IOB     | OUTPUT    | LVCMOS25    | 12       | SLOW |          |          |       |
| AN<2>                              | IOB     | OUTPUT    | LVCMOS25    | 12       | SLOW |          |          |       |
| AN<3>                              | IOB     | OUTPUT    | LVCMOS25    | 12       | SLOW |          |          |       |
| BTN0                               | IOB     | INPUT     | LVCMOS25    |          |      |          |          |       |
| Clk                                | IOB     | INPUT     | LVCMOS25    |          |      |          |          |       |
| SWA<0>                             | IOB     | INPUT     | LVCMOS25    |          |      | INFF1    |          | IFD   |
| SWA<1>                             | IOB     | INPUT     | LVCMOS25    |          |      | INFF1    |          | IFD   |
| SWA<2>                             | IOB     | INPUT     | LVCMOS25    |          |      | INFF1    |          | IFD   |
| SWA<3>                             | IOB     | INPUT     | LVCMOS25    |          |      | INFF1    |          | IFD   |
| SWB<0>                             | IOB     | INPUT     | LVCMOS25    |          |      | INFF1    |          | IFD   |
| SWB<1>                             | IOB     | INPUT     | LVCMOS25    |          |      | INFF1    |          | IFD   |
| SWB<2>                             | IOB     | INPUT     | LVCMOS25    |          |      | INFF1    |          | IFD   |
| SWB<3>                             | IOB     | INPUT     | LVCMOS25    |          |      | INFF1    |          | IFD   |
| a                                  | IOB     | OUTPUT    | LVCMOS25    | 12       | SLOW |          |          |       |
| b                                  | IOB     | OUTPUT    | LVCMOS25    | 12       | SLOW |          |          |       |
| c                                  | IOB     | OUTPUT    | LVCMOS25    | 12       | SLOW |          |          |       |
| d                                  | IOB     | OUTPUT    | LVCMOS25    | 12       | SLOW |          |          |       |
| e                                  | IOB     | OUTPUT    | LVCMOS25    | 12       | SLOW |          |          |       |
| f                                  | IOB     | OUTPUT    | LVCMOS25    | 12       | SLOW |          |          |       |
| g                                  | IOB     | OUTPUT    | LVCMOS25    | 12       | SLOW |          |          |       |
+------------------------------------------------------------------------------------------------------------------------+

Section 7 - RPMs
----------------

Section 8 - Guide Report
------------------------
Guide not run on this design.

Section 9 - Area Group and Partition Summary
--------------------------------------------

Partition Implementation Status
-------------------------------

  No Partitions were found in this design.

-------------------------------

Area Group Information
----------------------

  No area groups were found in this design.


----------------------

Section 10 - Modular Design Summary
-----------------------------------
Modular Design not used for this design.

Section 11 - Timing Report
--------------------------
This design was not run using timing mode.

Section 12 - Configuration String Details
-----------------------------------------
Use the "-detail" map option to print out Configuration Strings

Section 13 - Control Set Information
------------------------------------
No control set information for this architecture.
